<?xml version="1.0"?><coverage lines-covered="289" lines-valid="532" line-rate="0.543233082706767" branches-covered="0" branches-valid="0" branch-rate="0" complexity="0" version="1.9" timestamp="1755955605"><sources><source>/Users/andy/Development/hongkongkiwi/rust-omnisearch-mcp</source></sources><packages><package name="src/providers/search" line-rate="0.22580645161290322" branch-rate="0" complexity="0"><classes><class name="tavily" filename="src/providers/search/tavily.rs" line-rate="0.22580645161290322" branch-rate="0" complexity="0"><methods/><lines><line number="29" hits="15"/><line number="30" hits="30"/><line number="31" hits="45"/><line number="41" hits="21"/><line number="42" hits="21"/><line number="45" hits="13"/><line number="46" hits="13"/><line number="49" hits="0"/><line number="50" hits="0"/><line number="51" hits="0"/><line number="52" hits="0"/><line number="53" hits="0"/><line number="54" hits="0"/><line number="55" hits="0"/><line number="108" hits="0"/><line number="109" hits="0"/><line number="110" hits="0"/><line number="111" hits="0"/><line number="112" hits="0"/><line number="113" hits="0"/><line number="170" hits="0"/><line number="171" hits="0"/><line number="172" hits="0"/><line number="173" hits="0"/><line number="174" hits="0"/><line number="175" hits="0"/><line number="184" hits="0"/><line number="185" hits="0"/><line number="186" hits="0"/><line number="187" hits="0"/><line number="188" hits="0"/></lines></class></classes></package><package name="src/server" line-rate="0.43902439024390244" branch-rate="0" complexity="0"><classes><class name="handlers" filename="src/server/handlers.rs" line-rate="0" branch-rate="0" complexity="0"><methods/><lines><line number="1" hits="0"/><line number="5" hits="0"/></lines></class><class name="tools" filename="src/server/tools.rs" line-rate="0.46153846153846156" branch-rate="0" complexity="0"><methods/><lines><line number="7" hits="2"/><line number="17" hits="2"/><line number="19" hits="6"/><line number="20" hits="6"/><line number="21" hits="6"/><line number="22" hits="2"/><line number="35" hits="2"/><line number="37" hits="6"/><line number="38" hits="6"/><line number="39" hits="2"/><line number="43" hits="4"/><line number="48" hits="12"/><line number="49" hits="12"/><line number="52" hits="12"/><line number="53" hits="4"/><line number="54" hits="0"/><line number="55" hits="0"/><line number="58" hits="0"/><line number="60" hits="4"/><line number="64" hits="0"/><line number="65" hits="0"/><line number="66" hits="0"/><line number="69" hits="0"/><line number="70" hits="0"/><line number="73" hits="0"/><line number="74" hits="0"/><line number="75" hits="0"/><line number="78" hits="0"/><line number="79" hits="0"/><line number="80" hits="0"/><line number="83" hits="0"/><line number="90" hits="0"/><line number="92" hits="0"/><line number="95" hits="4"/><line number="96" hits="12"/><line number="99" hits="0"/><line number="100" hits="0"/><line number="103" hits="0"/><line number="104" hits="0"/></lines></class></classes></package><package name="src/config" line-rate="0.8260869565217391" branch-rate="0" complexity="0"><classes><class name="mod" filename="src/config/mod.rs" line-rate="0.8260869565217391" branch-rate="0" complexity="0"><methods/><lines><line number="4" hits="58"/><line number="5" hits="116"/><line number="8" hits="31"/><line number="9" hits="62"/><line number="12" hits="112"/><line number="13" hits="224"/><line number="16" hits="31"/><line number="17" hits="62"/><line number="20" hits="31"/><line number="21" hits="62"/><line number="24" hits="31"/><line number="25" hits="62"/><line number="28" hits="31"/><line number="29" hits="62"/><line number="32" hits="31"/><line number="33" hits="62"/><line number="36" hits="31"/><line number="37" hits="62"/><line number="40" hits="31"/><line number="41" hits="62"/><line number="44" hits="31"/><line number="45" hits="62"/><line number="48" hits="31"/><line number="49" hits="62"/><line number="53" hits="31"/><line number="54" hits="62"/><line number="58" hits="58"/><line number="59" hits="116"/><line number="62" hits="139"/><line number="63" hits="278"/><line number="66" hits="135"/><line number="67" hits="270"/><line number="140" hits="27"/><line number="142" hits="27"/><line number="193" hits="27"/><line number="252" hits="27"/><line number="272" hits="4"/><line number="273" hits="8"/><line number="274" hits="8"/><line number="277" hits="12"/><line number="278" hits="4"/><line number="280" hits="0"/><line number="283" hits="12"/><line number="284" hits="8"/><line number="286" hits="0"/><line number="289" hits="12"/><line number="290" hits="8"/><line number="292" hits="0"/><line number="295" hits="12"/><line number="296" hits="8"/><line number="298" hits="0"/><line number="301" hits="12"/><line number="302" hits="8"/><line number="304" hits="0"/><line number="307" hits="12"/><line number="308" hits="8"/><line number="310" hits="0"/><line number="313" hits="12"/><line number="314" hits="8"/><line number="316" hits="0"/><line number="319" hits="12"/><line number="320" hits="8"/><line number="322" hits="0"/><line number="325" hits="12"/><line number="326" hits="8"/><line number="328" hits="0"/><line number="331" hits="12"/><line number="332" hits="8"/><line number="334" hits="0"/><line number="337" hits="12"/><line number="338" hits="8"/><line number="340" hits="0"/><line number="343" hits="12"/><line number="344" hits="8"/><line number="346" hits="0"/><line number="349" hits="12"/><line number="350" hits="8"/><line number="352" hits="0"/><line number="355" hits="12"/><line number="356" hits="8"/><line number="358" hits="0"/><line number="361" hits="12"/><line number="362" hits="8"/><line number="364" hits="0"/><line number="368" hits="4"/><line number="369" hits="0"/><line number="371" hits="4"/><line number="375" hits="8"/><line number="376" hits="4"/><line number="377" hits="4"/><line number="378" hits="4"/><line number="382" hits="4"/></lines></class></classes></package><package name="src/providers/brightdata" line-rate="0.3783783783783784" branch-rate="0" complexity="0"><classes><class name="search" filename="src/providers/brightdata/search.rs" line-rate="0.3783783783783784" branch-rate="0" complexity="0"><methods/><lines><line number="27" hits="22"/><line number="28" hits="44"/><line number="29" hits="66"/><line number="39" hits="28"/><line number="40" hits="28"/><line number="43" hits="16"/><line number="44" hits="16"/><line number="47" hits="4"/><line number="48" hits="4"/><line number="49" hits="4"/><line number="50" hits="4"/><line number="51" hits="8"/><line number="52" hits="8"/><line number="53" hits="4"/><line number="57" hits="0"/><line number="58" hits="0"/><line number="59" hits="0"/><line number="60" hits="0"/><line number="61" hits="0"/><line number="62" hits="0"/><line number="92" hits="0"/><line number="93" hits="0"/><line number="94" hits="0"/><line number="95" hits="0"/><line number="96" hits="0"/><line number="97" hits="0"/><line number="154" hits="0"/><line number="155" hits="0"/><line number="156" hits="0"/><line number="157" hits="0"/><line number="158" hits="0"/><line number="159" hits="0"/><line number="168" hits="0"/><line number="169" hits="0"/><line number="170" hits="0"/><line number="171" hits="0"/><line number="172" hits="0"/></lines></class></classes></package><package name="src/providers/duckduckgo" line-rate="0.5416666666666666" branch-rate="0" complexity="0"><classes><class name="search" filename="src/providers/duckduckgo/search.rs" line-rate="0.5416666666666666" branch-rate="0" complexity="0"><methods/><lines><line number="27" hits="30"/><line number="28" hits="90"/><line number="35" hits="36"/><line number="36" hits="36"/><line number="39" hits="24"/><line number="40" hits="24"/><line number="43" hits="4"/><line number="61" hits="0"/><line number="62" hits="0"/><line number="63" hits="0"/><line number="64" hits="0"/><line number="65" hits="0"/><line number="66" hits="0"/><line number="91" hits="4"/><line number="92" hits="4"/><line number="93" hits="4"/><line number="94" hits="8"/><line number="95" hits="8"/><line number="96" hits="4"/><line number="105" hits="0"/><line number="106" hits="0"/><line number="107" hits="0"/><line number="108" hits="0"/><line number="109" hits="0"/></lines></class></classes></package><package name="src/providers/exa" line-rate="0.43333333333333335" branch-rate="0" complexity="0"><classes><class name="search" filename="src/providers/exa/search.rs" line-rate="0.43333333333333335" branch-rate="0" complexity="0"><methods/><lines><line number="28" hits="22"/><line number="29" hits="66"/><line number="36" hits="28"/><line number="37" hits="28"/><line number="40" hits="16"/><line number="41" hits="16"/><line number="44" hits="4"/><line number="45" hits="4"/><line number="46" hits="4"/><line number="47" hits="4"/><line number="48" hits="8"/><line number="49" hits="8"/><line number="50" hits="4"/><line number="95" hits="0"/><line number="96" hits="0"/><line number="97" hits="0"/><line number="98" hits="0"/><line number="99" hits="0"/><line number="100" hits="0"/><line number="125" hits="0"/><line number="126" hits="0"/><line number="127" hits="0"/><line number="128" hits="0"/><line number="129" hits="0"/><line number="130" hits="0"/><line number="139" hits="0"/><line number="140" hits="0"/><line number="141" hits="0"/><line number="142" hits="0"/><line number="143" hits="0"/></lines></class></classes></package><package name="src/providers/google" line-rate="0.34210526315789475" branch-rate="0" complexity="0"><classes><class name="custom_search" filename="src/providers/google/custom_search.rs" line-rate="0.34210526315789475" branch-rate="0" complexity="0"><methods/><lines><line number="27" hits="32"/><line number="28" hits="96"/><line number="35" hits="38"/><line number="36" hits="38"/><line number="39" hits="24"/><line number="40" hits="24"/><line number="43" hits="10"/><line number="44" hits="10"/><line number="45" hits="10"/><line number="46" hits="10"/><line number="47" hits="20"/><line number="48" hits="20"/><line number="49" hits="10"/><line number="58" hits="0"/><line number="59" hits="0"/><line number="60" hits="0"/><line number="61" hits="0"/><line number="62" hits="0"/><line number="63" hits="0"/><line number="80" hits="0"/><line number="84" hits="0"/><line number="96" hits="0"/><line number="97" hits="0"/><line number="98" hits="0"/><line number="99" hits="0"/><line number="100" hits="0"/><line number="101" hits="0"/><line number="126" hits="0"/><line number="127" hits="0"/><line number="128" hits="0"/><line number="129" hits="0"/><line number="130" hits="0"/><line number="131" hits="0"/><line number="141" hits="0"/><line number="142" hits="0"/><line number="143" hits="0"/><line number="144" hits="0"/><line number="145" hits="0"/></lines></class></classes></package><package name="src/providers/reddit" line-rate="0.2978723404255319" branch-rate="0" complexity="0"><classes><class name="search" filename="src/providers/reddit/search.rs" line-rate="0.2978723404255319" branch-rate="0" complexity="0"><methods/><lines><line number="39" hits="26"/><line number="40" hits="52"/><line number="41" hits="78"/><line number="51" hits="32"/><line number="52" hits="32"/><line number="55" hits="24"/><line number="56" hits="24"/><line number="59" hits="4"/><line number="64" hits="4"/><line number="65" hits="4"/><line number="66" hits="4"/><line number="67" hits="8"/><line number="68" hits="8"/><line number="69" hits="4"/><line number="73" hits="0"/><line number="74" hits="0"/><line number="75" hits="0"/><line number="76" hits="0"/><line number="77" hits="0"/><line number="78" hits="0"/><line number="82" hits="0"/><line number="83" hits="0"/><line number="84" hits="0"/><line number="85" hits="0"/><line number="86" hits="0"/><line number="87" hits="0"/><line number="109" hits="0"/><line number="110" hits="0"/><line number="111" hits="0"/><line number="112" hits="0"/><line number="113" hits="0"/><line number="114" hits="0"/><line number="171" hits="0"/><line number="172" hits="0"/><line number="173" hits="0"/><line number="174" hits="0"/><line number="175" hits="0"/><line number="176" hits="0"/><line number="185" hits="0"/><line number="186" hits="0"/><line number="188" hits="0"/><line number="189" hits="0"/><line number="190" hits="0"/><line number="191" hits="0"/><line number="193" hits="0"/><line number="195" hits="0"/><line number="196" hits="0"/></lines></class></classes></package><package name="tests" line-rate="0" branch-rate="0" complexity="0"><classes></classes></package><package name="src" line-rate="0.543233082706767" branch-rate="0" complexity="0"><classes><class name="main" filename="src/main.rs" line-rate="0" branch-rate="0" complexity="0"><methods/><lines><line number="24" hits="0"/><line number="46" hits="0"/><line number="48" hits="0"/><line number="52" hits="0"/><line number="57" hits="0"/><line number="62" hits="0"/><line number="63" hits="0"/><line number="67" hits="0"/><line number="68" hits="0"/><line number="71" hits="0"/><line number="74" hits="0"/><line number="76" hits="0"/><line number="79" hits="0"/><line number="80" hits="0"/><line number="81" hits="0"/><line number="82" hits="0"/><line number="83" hits="0"/><line number="84" hits="0"/><line number="88" hits="0"/></lines></class></classes></package><package name="src/common" line-rate="0.8356164383561644" branch-rate="0" complexity="0"><classes><class name="http" filename="src/common/http.rs" line-rate="0.8620689655172413" branch-rate="0" complexity="0"><methods/><lines><line number="7" hits="92"/><line number="8" hits="92"/><line number="9" hits="276"/><line number="15" hits="24"/><line number="26" hits="24"/><line number="28" hits="0"/><line number="29" hits="0"/><line number="30" hits="0"/><line number="31" hits="0"/><line number="34" hits="2"/><line number="35" hits="4"/><line number="36" hits="4"/><line number="37" hits="2"/><line number="40" hits="2"/><line number="41" hits="4"/><line number="42" hits="4"/><line number="43" hits="2"/><line number="46" hits="2"/><line number="47" hits="4"/><line number="48" hits="4"/><line number="49" hits="2"/><line number="52" hits="4"/><line number="53" hits="8"/><line number="54" hits="8"/><line number="55" hits="4"/><line number="58" hits="12"/><line number="59" hits="24"/><line number="60" hits="24"/><line number="61" hits="12"/></lines></class><class name="provider_base" filename="src/common/provider_base.rs" line-rate="1" branch-rate="0" complexity="0"><methods/><lines><line number="7" hits="2"/><line number="8" hits="4"/><line number="9" hits="2"/><line number="10" hits="2"/><line number="11" hits="3"/><line number="12" hits="2"/><line number="13" hits="1"/><line number="16" hits="1"/><line number="23" hits="3"/><line number="24" hits="18"/><line number="25" hits="12"/><line number="26" hits="2"/><line number="27" hits="2"/><line number="28" hits="2"/><line number="29" hits="2"/><line number="30" hits="2"/><line number="34" hits="1"/><line number="43" hits="1"/><line number="44" hits="5"/><line number="48" hits="2"/><line number="49" hits="6"/><line number="53" hits="2"/><line number="54" hits="16"/></lines></class><class name="provider_factory" filename="src/common/provider_factory.rs" line-rate="0.6" branch-rate="0" complexity="0"><methods/><lines><line number="11" hits="4"/><line number="12" hits="12"/><line number="15" hits="8"/><line number="16" hits="0"/><line number="20" hits="8"/><line number="21" hits="0"/><line number="25" hits="8"/><line number="26" hits="0"/><line number="27" hits="0"/><line number="28" hits="0"/><line number="32" hits="12"/><line number="35" hits="8"/><line number="36" hits="0"/><line number="40" hits="8"/><line number="41" hits="0"/><line number="45" hits="8"/><line number="46" hits="0"/><line number="49" hits="4"/><line number="53" hits="8"/><line number="54" hits="44"/></lines></class><class name="types" filename="src/common/types.rs" line-rate="1" branch-rate="0" complexity="0"><methods/><lines><line number="132" hits="74"/></lines></class></classes></package><package name="src/providers/baidu" line-rate="0.45161290322580644" branch-rate="0" complexity="0"><classes><class name="search" filename="src/providers/baidu/search.rs" line-rate="0.45161290322580644" branch-rate="0" complexity="0"><methods/><lines><line number="27" hits="28"/><line number="28" hits="56"/><line number="29" hits="84"/><line number="39" hits="34"/><line number="40" hits="34"/><line number="43" hits="16"/><line number="44" hits="16"/><line number="47" hits="10"/><line number="48" hits="10"/><line number="49" hits="10"/><line number="50" hits="10"/><line number="51" hits="20"/><line number="52" hits="20"/><line number="53" hits="10"/><line number="76" hits="0"/><line number="77" hits="0"/><line number="78" hits="0"/><line number="79" hits="0"/><line number="80" hits="0"/><line number="81" hits="0"/><line number="138" hits="0"/><line number="139" hits="0"/><line number="140" hits="0"/><line number="141" hits="0"/><line number="142" hits="0"/><line number="143" hits="0"/><line number="152" hits="0"/><line number="153" hits="0"/><line number="154" hits="0"/><line number="155" hits="0"/><line number="156" hits="0"/></lines></class></classes></package><package name="src/providers" line-rate="0.4364820846905538" branch-rate="0" complexity="0"><classes><class name="mod" filename="src/providers/mod.rs" line-rate="0.6666666666666666" branch-rate="0" complexity="0"><methods/><lines><line number="12" hits="4"/><line number="14" hits="8"/><line number="16" hits="12"/><line number="18" hits="0"/><line number="22" hits="8"/><line number="26" hits="8"/><line number="31" hits="8"/><line number="35" hits="8"/><line number="39" hits="8"/><line number="43" hits="8"/><line number="47" hits="8"/><line number="51" hits="8"/><line number="55" hits="8"/><line number="59" hits="8"/><line number="64" hits="8"/><line number="68" hits="8"/><line number="73" hits="8"/><line number="75" hits="12"/><line number="76" hits="8"/><line number="77" hits="4"/><line number="78" hits="4"/><line number="79" hits="8"/><line number="80" hits="4"/><line number="81" hits="4"/><line number="82" hits="4"/><line number="83" hits="4"/><line number="84" hits="4"/><line number="85" hits="4"/><line number="86" hits="4"/><line number="89" hits="0"/><line number="92" hits="12"/><line number="93" hits="8"/><line number="94" hits="4"/><line number="95" hits="4"/><line number="96" hits="4"/><line number="97" hits="0"/><line number="98" hits="0"/><line number="99" hits="0"/><line number="100" hits="0"/><line number="101" hits="0"/><line number="102" hits="0"/><line number="103" hits="0"/><line number="106" hits="4"/><line number="109" hits="12"/><line number="110" hits="8"/><line number="111" hits="4"/><line number="112" hits="4"/><line number="113" hits="4"/><line number="114" hits="0"/><line number="115" hits="0"/><line number="116" hits="0"/><line number="117" hits="0"/><line number="118" hits="0"/><line number="119" hits="0"/><line number="120" hits="0"/><line number="123" hits="4"/><line number="126" hits="12"/><line number="127" hits="8"/><line number="128" hits="4"/><line number="129" hits="4"/><line number="130" hits="4"/><line number="131" hits="0"/><line number="132" hits="0"/><line number="133" hits="0"/><line number="134" hits="0"/><line number="135" hits="0"/><line number="136" hits="0"/><line number="137" hits="0"/><line number="140" hits="4"/></lines></class></classes></package></packages></coverage>